# JRE version: 7.0_13-b20
# Java VM: Java HotSpot(TM) Client VM (23.7-b01 mixed mode windows-x86 )
Heap
 def new generation   total 7488K, used 6527K [0x03870000, 0x04090000, 0x08dc0000)
  eden space 6656K,  94% used [0x03870000, 0x03e956f0, 0x03ef0000)
  from space 832K,  28% used [0x03fc0000, 0x03ffa568, 0x04090000)
  to   space 832K,   0% used [0x03ef0000, 0x03ef0000, 0x03fc0000)
 tenured generation   total 16440K, used 11199K [0x08dc0000, 0x09dce000, 0x13870000)
   the space 16440K,  68% used [0x08dc0000, 0x098affd8, 0x098b0000, 0x09dce000)
 compacting perm gen  total 21248K, used 21119K [0x13870000, 0x14d30000, 0x17870000)
   the space 21248K,  99% used [0x13870000, 0x14d0ffb8, 0x14d10000, 0x14d30000)
GC Heap History (10 events):
Event: 1569.072 GC heap before
{Heap before GC invocations=57 (full 2):
 def new generation   total 7488K, used 6815K [0x03870000, 0x04090000, 0x08dc0000)
  eden space 6656K, 100% used [0x03870000, 0x03ef0000, 0x03ef0000)
  from space 832K,  19% used [0x03ef0000, 0x03f17fb8, 0x03fc0000)
  to   space 832K,   0% used [0x03fc0000, 0x03fc0000, 0x04090000)
 tenured generation   total 16440K, used 11199K [0x08dc0000, 0x09dce000, 0x13870000)
   the space 16440K,  68% used [0x08dc0000, 0x098affd8, 0x098b0000, 0x09dce000)
 compacting perm gen  total 21248K, used 21076K [0x13870000, 0x14d30000, 0x17870000)
   the space 21248K,  99% used [0x13870000, 0x14d051c8, 0x14d05200, 0x14d30000)
No shared spaces configured.
Event: 1569.074 GC heap after
Heap after GC invocations=58 (full 2):
 def new generation   total 7488K, used 210K [0x03870000, 0x04090000, 0x08dc0000)
  eden space 6656K,   0% used [0x03870000, 0x03870000, 0x03ef0000)
  from space 832K,  25% used [0x03fc0000, 0x03ff4b38, 0x04090000)
  to   space 832K,   0% used [0x03ef0000, 0x03ef0000, 0x03fc0000)
 tenured generation   total 16440K, used 11199K [0x08dc0000, 0x09dce000, 0x13870000)
   the space 16440K,  68% used [0x08dc0000, 0x098affd8, 0x098b0000, 0x09dce000)
 compacting perm gen  total 21248K, used 21076K [0x13870000, 0x14d30000, 0x17870000)
   the space 21248K,  99% used [0x13870000, 0x14d051c8, 0x14d05200, 0x14d30000)
No shared spaces configured.
}
Event: 1701.563 GC heap before
{Heap before GC invocations=58 (full 2):
 def new generation   total 7488K, used 6855K [0x03870000, 0x04090000, 0x08dc0000)
  eden space 6656K,  99% used [0x03870000, 0x03eed3d8, 0x03ef0000)
  from space 832K,  25% used [0x03fc0000, 0x03ff4b38, 0x04090000)
  to   space 832K,   0% used [0x03ef0000, 0x03ef0000, 0x03fc0000)
 tenured generation   total 16440K, used 11199K [0x08dc0000, 0x09dce000, 0x13870000)
   the space 16440K,  68% used [0x08dc0000, 0x098affd8, 0x098b0000, 0x09dce000)
 compacting perm gen  total 21248K, used 21081K [0x13870000, 0x14d30000, 0x17870000)
   the space 21248K,  99% used [0x13870000, 0x14d06760, 0x14d06800, 0x14d30000)
No shared spaces configured.
Event: 1701.565 GC heap after
Heap after GC invocations=59 (full 2):
 def new generation   total 7488K, used 172K [0x03870000, 0x04090000, 0x08dc0000)
  eden space 6656K,   0% used [0x03870000, 0x03870000, 0x03ef0000)
  from space 832K,  20% used [0x03ef0000, 0x03f1b1b8, 0x03fc0000)
  to   space 832K,   0% used [0x03fc0000, 0x03fc0000, 0x04090000)
 tenured generation   total 16440K, used 11199K [0x08dc0000, 0x09dce000, 0x13870000)
   the space 16440K,  68% used [0x08dc0000, 0x098affd8, 0x098b0000, 0x09dce000)
 compacting perm gen  total 21248K, used 21081K [0x13870000, 0x14d30000, 0x17870000)
   the space 21248K,  99% used [0x13870000, 0x14d06760, 0x14d06800, 0x14d30000)
No shared spaces configured.
}
Event: 1809.515 GC heap before
{Heap before GC invocations=59 (full 2):
 def new generation   total 7488K, used 6828K [0x03870000, 0x04090000, 0x08dc0000)
  eden space 6656K,  99% used [0x03870000, 0x03eeff58, 0x03ef0000)
  from space 832K,  20% used [0x03ef0000, 0x03f1b1b8, 0x03fc0000)
  to   space 832K,   0% used [0x03fc0000, 0x03fc0000, 0x04090000)
 tenured generation   total 16440K, used 11199K [0x08dc0000, 0x09dce000, 0x13870000)
   the space 16440K,  68% used [0x08dc0000, 0x098affd8, 0x098b0000, 0x09dce000)
 compacting perm gen  total 21248K, used 21101K [0x13870000, 0x14d30000, 0x17870000)
   the space 21248K,  99% used [0x13870000, 0x14d0b570, 0x14d0b600, 0x14d30000)
No shared spaces configured.
Event: 1809.538 GC heap after
Heap after GC invocations=60 (full 2):
 def new generation   total 7488K, used 279K [0x03870000, 0x04090000, 0x08dc0000)
  eden space 6656K,   0% used [0x03870000, 0x03870000, 0x03ef0000)
  from space 832K,  33% used [0x03fc0000, 0x04005e68, 0x04090000)
  to   space 832K,   0% used [0x03ef0000, 0x03ef0000, 0x03fc0000)
 tenured generation   total 16440K, used 11199K [0x08dc0000, 0x09dce000, 0x13870000)
   the space 16440K,  68% used [0x08dc0000, 0x098affd8, 0x098b0000, 0x09dce000)
 compacting perm gen  total 21248K, used 21101K [0x13870000, 0x14d30000, 0x17870000)
   the space 21248K,  99% used [0x13870000, 0x14d0b570, 0x14d0b600, 0x14d30000)
No shared spaces configured.
}
Event: 1924.066 GC heap before
{Heap before GC invocations=60 (full 2):
 def new generation   total 7488K, used 6935K [0x03870000, 0x04090000, 0x08dc0000)
  eden space 6656K, 100% used [0x03870000, 0x03ef0000, 0x03ef0000)
  from space 832K,  33% used [0x03fc0000, 0x04005e68, 0x04090000)
  to   space 832K,   0% used [0x03ef0000, 0x03ef0000, 0x03fc0000)
 tenured generation   total 16440K, used 11199K [0x08dc0000, 0x09dce000, 0x13870000)
   the space 16440K,  68% used [0x08dc0000, 0x098affd8, 0x098b0000, 0x09dce000)
 compacting perm gen  total 21248K, used 21101K [0x13870000, 0x14d30000, 0x17870000)
   the space 21248K,  99% used [0x13870000, 0x14d0b670, 0x14d0b800, 0x14d30000)
No shared spaces configured.
Event: 1924.069 GC heap after
Heap after GC invocations=61 (full 2):
 def new generation   total 7488K, used 253K [0x03870000, 0x04090000, 0x08dc0000)
  eden space 6656K,   0% used [0x03870000, 0x03870000, 0x03ef0000)
  from space 832K,  30% used [0x03ef0000, 0x03f2f6a8, 0x03fc0000)
  to   space 832K,   0% used [0x03fc0000, 0x03fc0000, 0x04090000)
 tenured generation   total 16440K, used 11199K [0x08dc0000, 0x09dce000, 0x13870000)
   the space 16440K,  68% used [0x08dc0000, 0x098affd8, 0x098b0000, 0x09dce000)
 compacting perm gen  total 21248K, used 21101K [0x13870000, 0x14d30000, 0x17870000)
   the space 21248K,  99% used [0x13870000, 0x14d0b670, 0x14d0b800, 0x14d30000)
No shared spaces configured.
}
Event: 2104.622 GC heap before
{Heap before GC invocations=61 (full 2):
 def new generation   total 7488K, used 6909K [0x03870000, 0x04090000, 0x08dc0000)
  eden space 6656K, 100% used [0x03870000, 0x03ef0000, 0x03ef0000)
  from space 832K,  30% used [0x03ef0000, 0x03f2f6a8, 0x03fc0000)
  to   space 832K,   0% used [0x03fc0000, 0x03fc0000, 0x04090000)
 tenured generation   total 16440K, used 11199K [0x08dc0000, 0x09dce000, 0x13870000)
   the space 16440K,  68% used [0x08dc0000, 0x098affd8, 0x098b0000, 0x09dce000)
 compacting perm gen  total 21248K, used 21102K [0x13870000, 0x14d30000, 0x17870000)
   the space 21248K,  99% used [0x13870000, 0x14d0b810, 0x14d0ba00, 0x14d30000)
No shared spaces configured.
Event: 2104.640 GC heap after
Heap after GC invocations=62 (full 2):
 def new generation   total 7488K, used 233K [0x03870000, 0x04090000, 0x08dc0000)
  eden space 6656K,   0% used [0x03870000, 0x03870000, 0x03ef0000)
  from space 832K,  28% used [0x03fc0000, 0x03ffa568, 0x04090000)
  to   space 832K,   0% used [0x03ef0000, 0x03ef0000, 0x03fc0000)
 tenured generation   total 16440K, used 11199K [0x08dc0000, 0x09dce000, 0x13870000)
   the space 16440K,  68% used [0x08dc0000, 0x098affd8, 0x098b0000, 0x09dce000)
 compacting perm gen  total 21248K, used 21102K [0x13870000, 0x14d30000, 0x17870000)
   the space 21248K,  99% used [0x13870000, 0x14d0b810, 0x14d0ba00, 0x14d30000)
No shared spaces configured.
}

