# JRE version: 7.0_13-b20
# Java VM: Java HotSpot(TM) Client VM (23.7-b01 mixed mode windows-x86 )
Heap
 def new generation   total 18304K, used 14058K [0x03850000, 0x04c20000, 0x08da0000)
  eden space 16320K,  85% used [0x03850000, 0x04603470, 0x04840000)
  from space 1984K,   1% used [0x04a30000, 0x04a37628, 0x04c20000)
  to   space 1984K,   0% used [0x04840000, 0x04840000, 0x04a30000)
 tenured generation   total 38552K, used 24443K [0x08da0000, 0x0b346000, 0x13850000)
   the space 38552K,  63% used [0x08da0000, 0x0a57ec60, 0x0a57ee00, 0x0b346000)
 compacting perm gen  total 20992K, used 20843K [0x13850000, 0x14cd0000, 0x17850000)
   the space 20992K,  99% used [0x13850000, 0x14caae80, 0x14cab000, 0x14cd0000)
GC Heap History (10 events):
Event: 557.643 GC heap before
{Heap before GC invocations=56 (full 5):
 def new generation   total 15360K, used 13685K [0x03850000, 0x048f0000, 0x08da0000)
  eden space 13696K,  99% used [0x03850000, 0x045ad550, 0x045b0000)
  from space 1664K,   0% used [0x045b0000, 0x045b0000, 0x04750000)
  to   space 1664K,   0% used [0x04750000, 0x04750000, 0x048f0000)
 tenured generation   total 32108K, used 19263K [0x08da0000, 0x0acfb000, 0x13850000)
   the space 32108K,  59% used [0x08da0000, 0x0a06fce8, 0x0a06fe00, 0x0acfb000)
 compacting perm gen  total 20992K, used 20736K [0x13850000, 0x14cd0000, 0x17850000)
   the space 20992K,  98% used [0x13850000, 0x14c90150, 0x14c90200, 0x14cd0000)
No shared spaces configured.
Event: 557.659 GC heap after
Heap after GC invocations=57 (full 5):
 def new generation   total 15360K, used 1664K [0x03850000, 0x048f0000, 0x08da0000)
  eden space 13696K,   0% used [0x03850000, 0x03850000, 0x045b0000)
  from space 1664K, 100% used [0x04750000, 0x048f0000, 0x048f0000)
  to   space 1664K,   0% used [0x045b0000, 0x045b0000, 0x04750000)
 tenured generation   total 32108K, used 24360K [0x08da0000, 0x0acfb000, 0x13850000)
   the space 32108K,  75% used [0x08da0000, 0x0a56a080, 0x0a56a200, 0x0acfb000)
 compacting perm gen  total 20992K, used 20736K [0x13850000, 0x14cd0000, 0x17850000)
   the space 20992K,  98% used [0x13850000, 0x14c90150, 0x14c90200, 0x14cd0000)
No shared spaces configured.
}
Event: 560.243 GC heap before
{Heap before GC invocations=57 (full 5):
 def new generation   total 15360K, used 15344K [0x03850000, 0x048f0000, 0x08da0000)
  eden space 13696K,  99% used [0x03850000, 0x045ac050, 0x045b0000)
  from space 1664K, 100% used [0x04750000, 0x048f0000, 0x048f0000)
  to   space 1664K,   0% used [0x045b0000, 0x045b0000, 0x04750000)
 tenured generation   total 32108K, used 24360K [0x08da0000, 0x0acfb000, 0x13850000)
   the space 32108K,  75% used [0x08da0000, 0x0a56a080, 0x0a56a200, 0x0acfb000)
 compacting perm gen  total 20992K, used 20736K [0x13850000, 0x14cd0000, 0x17850000)
   the space 20992K,  98% used [0x13850000, 0x14c90190, 0x14c90200, 0x14cd0000)
No shared spaces configured.
Event: 560.436 GC heap after
Heap after GC invocations=58 (full 6):
 def new generation   total 18304K, used 0K [0x03850000, 0x04c20000, 0x08da0000)
  eden space 16320K,   0% used [0x03850000, 0x03850000, 0x04840000)
  from space 1984K,   0% used [0x04840000, 0x04840000, 0x04a30000)
  to   space 1984K,   0% used [0x04a30000, 0x04a30000, 0x04c20000)
 tenured generation   total 38552K, used 23130K [0x08da0000, 0x0b346000, 0x13850000)
   the space 38552K,  59% used [0x08da0000, 0x0a436ba0, 0x0a436c00, 0x0b346000)
 compacting perm gen  total 20992K, used 20736K [0x13850000, 0x14cd0000, 0x17850000)
   the space 20992K,  98% used [0x13850000, 0x14c90190, 0x14c90200, 0x14cd0000)
No shared spaces configured.
}
Event: 721.857 GC heap before
{Heap before GC invocations=58 (full 6):
 def new generation   total 18304K, used 16320K [0x03850000, 0x04c20000, 0x08da0000)
  eden space 16320K, 100% used [0x03850000, 0x04840000, 0x04840000)
  from space 1984K,   0% used [0x04840000, 0x04840000, 0x04a30000)
  to   space 1984K,   0% used [0x04a30000, 0x04a30000, 0x04c20000)
 tenured generation   total 38552K, used 23130K [0x08da0000, 0x0b346000, 0x13850000)
   the space 38552K,  59% used [0x08da0000, 0x0a436ba0, 0x0a436c00, 0x0b346000)
 compacting perm gen  total 20992K, used 20816K [0x13850000, 0x14cd0000, 0x17850000)
   the space 20992K,  99% used [0x13850000, 0x14ca42d0, 0x14ca4400, 0x14cd0000)
No shared spaces configured.
Event: 721.862 GC heap after
Heap after GC invocations=59 (full 6):
 def new generation   total 18304K, used 1405K [0x03850000, 0x04c20000, 0x08da0000)
  eden space 16320K,   0% used [0x03850000, 0x03850000, 0x04840000)
  from space 1984K,  70% used [0x04a30000, 0x04b8f610, 0x04c20000)
  to   space 1984K,   0% used [0x04840000, 0x04840000, 0x04a30000)
 tenured generation   total 38552K, used 23130K [0x08da0000, 0x0b346000, 0x13850000)
   the space 38552K,  59% used [0x08da0000, 0x0a436ba0, 0x0a436c00, 0x0b346000)
 compacting perm gen  total 20992K, used 20816K [0x13850000, 0x14cd0000, 0x17850000)
   the space 20992K,  99% used [0x13850000, 0x14ca42d0, 0x14ca4400, 0x14cd0000)
No shared spaces configured.
}
Event: 1039.945 GC heap before
{Heap before GC invocations=59 (full 6):
 def new generation   total 18304K, used 17704K [0x03850000, 0x04c20000, 0x08da0000)
  eden space 16320K,  99% used [0x03850000, 0x0483add8, 0x04840000)
  from space 1984K,  70% used [0x04a30000, 0x04b8f610, 0x04c20000)
  to   space 1984K,   0% used [0x04840000, 0x04840000, 0x04a30000)
 tenured generation   total 38552K, used 23130K [0x08da0000, 0x0b346000, 0x13850000)
   the space 38552K,  59% used [0x08da0000, 0x0a436ba0, 0x0a436c00, 0x0b346000)
 compacting perm gen  total 20992K, used 20818K [0x13850000, 0x14cd0000, 0x17850000)
   the space 20992K,  99% used [0x13850000, 0x14ca4a38, 0x14ca4c00, 0x14cd0000)
No shared spaces configured.
Event: 1039.950 GC heap after
Heap after GC invocations=60 (full 6):
 def new generation   total 18304K, used 31K [0x03850000, 0x04c20000, 0x08da0000)
  eden space 16320K,   0% used [0x03850000, 0x03850000, 0x04840000)
  from space 1984K,   1% used [0x04840000, 0x04847fe8, 0x04a30000)
  to   space 1984K,   0% used [0x04a30000, 0x04a30000, 0x04c20000)
 tenured generation   total 38552K, used 24443K [0x08da0000, 0x0b346000, 0x13850000)
   the space 38552K,  63% used [0x08da0000, 0x0a57ec60, 0x0a57ee00, 0x0b346000)
 compacting perm gen  total 20992K, used 20818K [0x13850000, 0x14cd0000, 0x17850000)
   the space 20992K,  99% used [0x13850000, 0x14ca4a38, 0x14ca4c00, 0x14cd0000)
No shared spaces configured.
}
Event: 1387.962 GC heap before
{Heap before GC invocations=60 (full 6):
 def new generation   total 18304K, used 16351K [0x03850000, 0x04c20000, 0x08da0000)
  eden space 16320K, 100% used [0x03850000, 0x04840000, 0x04840000)
  from space 1984K,   1% used [0x04840000, 0x04847fe8, 0x04a30000)
  to   space 1984K,   0% used [0x04a30000, 0x04a30000, 0x04c20000)
 tenured generation   total 38552K, used 24443K [0x08da0000, 0x0b346000, 0x13850000)
   the space 38552K,  63% used [0x08da0000, 0x0a57ec60, 0x0a57ee00, 0x0b346000)
 compacting perm gen  total 20992K, used 20819K [0x13850000, 0x14cd0000, 0x17850000)
   the space 20992K,  99% used [0x13850000, 0x14ca4d78, 0x14ca4e00, 0x14cd0000)
No shared spaces configured.
Event: 1387.965 GC heap after
Heap after GC invocations=61 (full 6):
 def new generation   total 18304K, used 29K [0x03850000, 0x04c20000, 0x08da0000)
  eden space 16320K,   0% used [0x03850000, 0x03850000, 0x04840000)
  from space 1984K,   1% used [0x04a30000, 0x04a37628, 0x04c20000)
  to   space 1984K,   0% used [0x04840000, 0x04840000, 0x04a30000)
 tenured generation   total 38552K, used 24443K [0x08da0000, 0x0b346000, 0x13850000)
   the space 38552K,  63% used [0x08da0000, 0x0a57ec60, 0x0a57ee00, 0x0b346000)
 compacting perm gen  total 20992K, used 20819K [0x13850000, 0x14cd0000, 0x17850000)
   the space 20992K,  99% used [0x13850000, 0x14ca4d78, 0x14ca4e00, 0x14cd0000)
No shared spaces configured.
}

