# JRE version: 7.0_13-b20
# Java VM: Java HotSpot(TM) Client VM (23.7-b01 mixed mode windows-x86 )
Heap
 def new generation   total 7488K, used 2213K [0x038d0000, 0x040f0000, 0x08e20000)
  eden space 6656K,  29% used [0x038d0000, 0x03abae38, 0x03f50000)
  from space 832K,  30% used [0x04020000, 0x0405e738, 0x040f0000)
  to   space 832K,   0% used [0x03f50000, 0x03f50000, 0x04020000)
 tenured generation   total 16516K, used 11669K [0x08e20000, 0x09e41000, 0x138d0000)
   the space 16516K,  70% used [0x08e20000, 0x09985650, 0x09985800, 0x09e41000)
 compacting perm gen  total 21248K, used 21214K [0x138d0000, 0x14d90000, 0x178d0000)
   the space 21248K,  99% used [0x138d0000, 0x14d87980, 0x14d87a00, 0x14d90000)
GC Heap History (10 events):
Event: 12.207 GC heap before
{Heap before GC invocations=51 (full 2):
 def new generation   total 7488K, used 7233K [0x038d0000, 0x040f0000, 0x08e20000)
  eden space 6656K, 100% used [0x038d0000, 0x03f50000, 0x03f50000)
  from space 832K,  69% used [0x03f50000, 0x03fe0410, 0x04020000)
  to   space 832K,   0% used [0x04020000, 0x04020000, 0x040f0000)
 tenured generation   total 16516K, used 10464K [0x08e20000, 0x09e41000, 0x138d0000)
   the space 16516K,  63% used [0x08e20000, 0x09858068, 0x09858200, 0x09e41000)
 compacting perm gen  total 20736K, used 20530K [0x138d0000, 0x14d10000, 0x178d0000)
   the space 20736K,  99% used [0x138d0000, 0x14cdca20, 0x14cdcc00, 0x14d10000)
No shared spaces configured.
Event: 12.210 GC heap after
Heap after GC invocations=52 (full 2):
 def new generation   total 7488K, used 317K [0x038d0000, 0x040f0000, 0x08e20000)
  eden space 6656K,   0% used [0x038d0000, 0x038d0000, 0x03f50000)
  from space 832K,  38% used [0x04020000, 0x0406f538, 0x040f0000)
  to   space 832K,   0% used [0x03f50000, 0x03f50000, 0x04020000)
 tenured generation   total 16516K, used 10674K [0x08e20000, 0x09e41000, 0x138d0000)
   the space 16516K,  64% used [0x08e20000, 0x0988c9f0, 0x0988ca00, 0x09e41000)
 compacting perm gen  total 20736K, used 20530K [0x138d0000, 0x14d10000, 0x178d0000)
   the space 20736K,  99% used [0x138d0000, 0x14cdca20, 0x14cdcc00, 0x14d10000)
No shared spaces configured.
}
Event: 12.324 GC heap before
{Heap before GC invocations=52 (full 2):
 def new generation   total 7488K, used 6973K [0x038d0000, 0x040f0000, 0x08e20000)
  eden space 6656K, 100% used [0x038d0000, 0x03f50000, 0x03f50000)
  from space 832K,  38% used [0x04020000, 0x0406f538, 0x040f0000)
  to   space 832K,   0% used [0x03f50000, 0x03f50000, 0x04020000)
 tenured generation   total 16516K, used 10674K [0x08e20000, 0x09e41000, 0x138d0000)
   the space 16516K,  64% used [0x08e20000, 0x0988c9f0, 0x0988ca00, 0x09e41000)
 compacting perm gen  total 20736K, used 20670K [0x138d0000, 0x14d10000, 0x178d0000)
   the space 20736K,  99% used [0x138d0000, 0x14cffb70, 0x14cffc00, 0x14d10000)
No shared spaces configured.
Event: 12.328 GC heap after
Heap after GC invocations=53 (full 2):
 def new generation   total 7488K, used 675K [0x038d0000, 0x040f0000, 0x08e20000)
  eden space 6656K,   0% used [0x038d0000, 0x038d0000, 0x03f50000)
  from space 832K,  81% used [0x03f50000, 0x03ff8f70, 0x04020000)
  to   space 832K,   0% used [0x04020000, 0x04020000, 0x040f0000)
 tenured generation   total 16516K, used 10674K [0x08e20000, 0x09e41000, 0x138d0000)
   the space 16516K,  64% used [0x08e20000, 0x0988c9f0, 0x0988ca00, 0x09e41000)
 compacting perm gen  total 20736K, used 20670K [0x138d0000, 0x14d10000, 0x178d0000)
   the space 20736K,  99% used [0x138d0000, 0x14cffb70, 0x14cffc00, 0x14d10000)
No shared spaces configured.
}
Event: 17.443 GC heap before
{Heap before GC invocations=53 (full 2):
 def new generation   total 7488K, used 7331K [0x038d0000, 0x040f0000, 0x08e20000)
  eden space 6656K, 100% used [0x038d0000, 0x03f50000, 0x03f50000)
  from space 832K,  81% used [0x03f50000, 0x03ff8f70, 0x04020000)
  to   space 832K,   0% used [0x04020000, 0x04020000, 0x040f0000)
 tenured generation   total 16516K, used 10674K [0x08e20000, 0x09e41000, 0x138d0000)
   the space 16516K,  64% used [0x08e20000, 0x0988c9f0, 0x0988ca00, 0x09e41000)
 compacting perm gen  total 21248K, used 21089K [0x138d0000, 0x14d90000, 0x178d0000)
   the space 21248K,  99% used [0x138d0000, 0x14d686d8, 0x14d68800, 0x14d90000)
No shared spaces configured.
Event: 17.451 GC heap after
Heap after GC invocations=54 (full 2):
 def new generation   total 7488K, used 832K [0x038d0000, 0x040f0000, 0x08e20000)
  eden space 6656K,   0% used [0x038d0000, 0x038d0000, 0x03f50000)
  from space 832K, 100% used [0x04020000, 0x040f0000, 0x040f0000)
  to   space 832K,   0% used [0x03f50000, 0x03f50000, 0x04020000)
 tenured generation   total 16516K, used 11073K [0x08e20000, 0x09e41000, 0x138d0000)
   the space 16516K,  67% used [0x08e20000, 0x098f0520, 0x098f0600, 0x09e41000)
 compacting perm gen  total 21248K, used 21089K [0x138d0000, 0x14d90000, 0x178d0000)
   the space 21248K,  99% used [0x138d0000, 0x14d686d8, 0x14d68800, 0x14d90000)
No shared spaces configured.
}
Event: 158.284 GC heap before
{Heap before GC invocations=54 (full 2):
 def new generation   total 7488K, used 7488K [0x038d0000, 0x040f0000, 0x08e20000)
  eden space 6656K, 100% used [0x038d0000, 0x03f50000, 0x03f50000)
  from space 832K, 100% used [0x04020000, 0x040f0000, 0x040f0000)
  to   space 832K,   0% used [0x03f50000, 0x03f50000, 0x04020000)
 tenured generation   total 16516K, used 11073K [0x08e20000, 0x09e41000, 0x138d0000)
   the space 16516K,  67% used [0x08e20000, 0x098f0520, 0x098f0600, 0x09e41000)
 compacting perm gen  total 21248K, used 21164K [0x138d0000, 0x14d90000, 0x178d0000)
   the space 21248K,  99% used [0x138d0000, 0x14d7b2d0, 0x14d7b400, 0x14d90000)
No shared spaces configured.
Event: 158.288 GC heap after
Heap after GC invocations=55 (full 2):
 def new generation   total 7488K, used 277K [0x038d0000, 0x040f0000, 0x08e20000)
  eden space 6656K,   0% used [0x038d0000, 0x038d0000, 0x03f50000)
  from space 832K,  33% used [0x03f50000, 0x03f95688, 0x04020000)
  to   space 832K,   0% used [0x04020000, 0x04020000, 0x040f0000)
 tenured generation   total 16516K, used 11669K [0x08e20000, 0x09e41000, 0x138d0000)
   the space 16516K,  70% used [0x08e20000, 0x09985650, 0x09985800, 0x09e41000)
 compacting perm gen  total 21248K, used 21164K [0x138d0000, 0x14d90000, 0x178d0000)
   the space 21248K,  99% used [0x138d0000, 0x14d7b2d0, 0x14d7b400, 0x14d90000)
No shared spaces configured.
}
Event: 319.589 GC heap before
{Heap before GC invocations=55 (full 2):
 def new generation   total 7488K, used 6933K [0x038d0000, 0x040f0000, 0x08e20000)
  eden space 6656K, 100% used [0x038d0000, 0x03f50000, 0x03f50000)
  from space 832K,  33% used [0x03f50000, 0x03f95688, 0x04020000)
  to   space 832K,   0% used [0x04020000, 0x04020000, 0x040f0000)
 tenured generation   total 16516K, used 11669K [0x08e20000, 0x09e41000, 0x138d0000)
   the space 16516K,  70% used [0x08e20000, 0x09985650, 0x09985800, 0x09e41000)
 compacting perm gen  total 21248K, used 21164K [0x138d0000, 0x14d90000, 0x178d0000)
   the space 21248K,  99% used [0x138d0000, 0x14d7b340, 0x14d7b400, 0x14d90000)
No shared spaces configured.
Event: 319.591 GC heap after
Heap after GC invocations=56 (full 2):
 def new generation   total 7488K, used 249K [0x038d0000, 0x040f0000, 0x08e20000)
  eden space 6656K,   0% used [0x038d0000, 0x038d0000, 0x03f50000)
  from space 832K,  30% used [0x04020000, 0x0405e738, 0x040f0000)
  to   space 832K,   0% used [0x03f50000, 0x03f50000, 0x04020000)
 tenured generation   total 16516K, used 11669K [0x08e20000, 0x09e41000, 0x138d0000)
   the space 16516K,  70% used [0x08e20000, 0x09985650, 0x09985800, 0x09e41000)
 compacting perm gen  total 21248K, used 21164K [0x138d0000, 0x14d90000, 0x178d0000)
   the space 21248K,  99% used [0x138d0000, 0x14d7b340, 0x14d7b400, 0x14d90000)
No shared spaces configured.
}

